'2023-03-27T17:53' - Scraper - INFO - Starting scraping process for apps list...
'2023-03-27T17:53' - Scraper - INFO - App list successfully stored in datasets/raw/steam_app_list.csv
'2023-03-27T17:53' - Scraper - INFO - All apps list successfully uploaded to S3 bucket: nacho215-steam-de-project
'2023-03-27T17:53' - Scraper - INFO - Starting scraping process for apps details...
'2023-03-27T17:54' - Scraper - DEBUG - scraped 2500 apps. Progress: 2500/159607
'2023-03-27T17:54' - Scraper - DEBUG - Waiting 10 seconds...
'2023-03-27T17:54' - Scraper - DEBUG - scraped 2500 apps. Progress: 5000/159607
'2023-03-27T17:54' - Scraper - DEBUG - Waiting 10 seconds...
'2023-03-27T17:54' - Scraper - DEBUG - scraped 2500 apps. Progress: 7500/159607
'2023-03-27T17:54' - Scraper - DEBUG - Waiting 10 seconds...
'2023-03-27T17:55' - Scraper - DEBUG - scraped 2500 apps. Progress: 10000/159607
'2023-03-27T17:55' - Scraper - DEBUG - Waiting 10 seconds...
'2023-03-27T17:55' - Scraper - DEBUG - scraped 2500 apps. Progress: 12500/159607
'2023-03-27T17:55' - Scraper - DEBUG - Waiting 10 seconds...
'2023-03-27T17:55' - Scraper - DEBUG - scraped 2500 apps. Progress: 15000/159607
'2023-03-27T17:55' - Scraper - DEBUG - Waiting 10 seconds...
'2023-03-27T17:55' - Scraper - DEBUG - scraped 2500 apps. Progress: 17500/159607
'2023-03-27T17:55' - Scraper - DEBUG - Waiting 10 seconds...
'2023-03-27T17:56' - Scraper - DEBUG - scraped 2500 apps. Progress: 20000/159607
'2023-03-27T17:56' - Scraper - DEBUG - Waiting 10 seconds...
'2023-03-27T17:56' - Scraper - DEBUG - scraped 2500 apps. Progress: 22500/159607
'2023-03-27T17:56' - Scraper - DEBUG - Waiting 10 seconds...
'2023-03-27T17:56' - Scraper - DEBUG - scraped 2500 apps. Progress: 25000/159607
'2023-03-27T17:56' - Scraper - DEBUG - Waiting 10 seconds...
'2023-03-27T17:57' - Scraper - DEBUG - scraped 2500 apps. Progress: 27500/159607
'2023-03-27T17:57' - Scraper - DEBUG - Waiting 10 seconds...
'2023-03-27T17:57' - Scraper - DEBUG - scraped 2500 apps. Progress: 30000/159607
'2023-03-27T17:57' - Scraper - DEBUG - Waiting 10 seconds...
'2023-03-27T17:57' - Scraper - DEBUG - scraped 2500 apps. Progress: 32500/159607
'2023-03-27T17:57' - Scraper - DEBUG - Waiting 10 seconds...
'2023-03-27T17:58' - Scraper - DEBUG - scraped 2500 apps. Progress: 35000/159607
'2023-03-27T17:58' - Scraper - DEBUG - Waiting 10 seconds...
'2023-03-27T17:58' - Scraper - DEBUG - scraped 2500 apps. Progress: 37500/159607
'2023-03-27T17:58' - Scraper - DEBUG - Waiting 10 seconds...
'2023-03-27T17:58' - Scraper - DEBUG - scraped 2500 apps. Progress: 40000/159607
'2023-03-27T17:58' - Scraper - DEBUG - Waiting 10 seconds...
'2023-03-27T17:59' - Scraper - DEBUG - scraped 2500 apps. Progress: 42500/159607
'2023-03-27T17:59' - Scraper - DEBUG - Waiting 10 seconds...
'2023-03-27T17:59' - Scraper - DEBUG - scraped 2500 apps. Progress: 45000/159607
'2023-03-27T17:59' - Scraper - DEBUG - Waiting 10 seconds...
'2023-03-27T17:59' - Scraper - DEBUG - scraped 2500 apps. Progress: 47500/159607
'2023-03-27T17:59' - Scraper - DEBUG - Waiting 10 seconds...
'2023-03-27T18:00' - Scraper - DEBUG - scraped 2500 apps. Progress: 50000/159607
'2023-03-27T18:00' - Scraper - DEBUG - Waiting 10 seconds...
'2023-03-27T18:00' - Scraper - DEBUG - scraped 2500 apps. Progress: 52500/159607
'2023-03-27T18:00' - Scraper - DEBUG - Waiting 10 seconds...
'2023-03-27T18:00' - Scraper - DEBUG - scraped 2500 apps. Progress: 55000/159607
'2023-03-27T18:00' - Scraper - DEBUG - Waiting 10 seconds...
'2023-03-27T18:01' - Scraper - DEBUG - scraped 2500 apps. Progress: 57500/159607
'2023-03-27T18:01' - Scraper - DEBUG - Waiting 10 seconds...
'2023-03-27T18:01' - Scraper - DEBUG - scraped 2500 apps. Progress: 60000/159607
'2023-03-27T18:01' - Scraper - DEBUG - Waiting 10 seconds...
'2023-03-27T18:01' - Scraper - DEBUG - scraped 2500 apps. Progress: 62500/159607
'2023-03-27T18:01' - Scraper - DEBUG - Waiting 10 seconds...
'2023-03-27T18:02' - Scraper - DEBUG - scraped 2500 apps. Progress: 65000/159607
'2023-03-27T18:02' - Scraper - DEBUG - Waiting 10 seconds...
'2023-03-27T18:02' - Scraper - DEBUG - scraped 2500 apps. Progress: 67500/159607
'2023-03-27T18:02' - Scraper - DEBUG - Waiting 10 seconds...
'2023-03-27T18:02' - Scraper - DEBUG - scraped 2500 apps. Progress: 70000/159607
'2023-03-27T18:02' - Scraper - DEBUG - Waiting 10 seconds...
'2023-03-27T18:03' - Scraper - DEBUG - scraped 2500 apps. Progress: 72500/159607
'2023-03-27T18:03' - Scraper - DEBUG - Waiting 10 seconds...
'2023-03-27T18:03' - Scraper - DEBUG - scraped 2500 apps. Progress: 75000/159607
'2023-03-27T18:03' - Scraper - DEBUG - Waiting 10 seconds...
'2023-03-27T18:03' - Scraper - DEBUG - scraped 2500 apps. Progress: 77500/159607
'2023-03-27T18:03' - Scraper - DEBUG - Waiting 10 seconds...
'2023-03-27T18:03' - Scraper - DEBUG - scraped 2500 apps. Progress: 80000/159607
'2023-03-27T18:03' - Scraper - DEBUG - Waiting 10 seconds...
'2023-03-27T18:04' - Scraper - DEBUG - scraped 2500 apps. Progress: 82500/159607
'2023-03-27T18:04' - Scraper - DEBUG - Waiting 10 seconds...
'2023-03-27T18:04' - Scraper - DEBUG - scraped 2500 apps. Progress: 85000/159607
'2023-03-27T18:04' - Scraper - DEBUG - Waiting 10 seconds...
'2023-03-27T18:04' - Scraper - DEBUG - scraped 2500 apps. Progress: 87500/159607
'2023-03-27T18:04' - Scraper - DEBUG - Waiting 10 seconds...
'2023-03-27T18:05' - Scraper - DEBUG - scraped 2500 apps. Progress: 90000/159607
'2023-03-27T18:05' - Scraper - DEBUG - Waiting 10 seconds...
'2023-03-27T18:05' - Scraper - DEBUG - scraped 2500 apps. Progress: 92500/159607
'2023-03-27T18:05' - Scraper - DEBUG - Waiting 10 seconds...
'2023-03-27T18:05' - Scraper - DEBUG - scraped 2500 apps. Progress: 95000/159607
'2023-03-27T18:05' - Scraper - DEBUG - Waiting 10 seconds...
'2023-03-27T18:06' - Scraper - DEBUG - scraped 2500 apps. Progress: 97500/159607
'2023-03-27T18:06' - Scraper - DEBUG - Waiting 10 seconds...
'2023-03-27T18:06' - Scraper - DEBUG - scraped 2500 apps. Progress: 100000/159607
'2023-03-27T18:06' - Scraper - DEBUG - Waiting 10 seconds...
'2023-03-27T18:06' - Scraper - DEBUG - scraped 2500 apps. Progress: 102500/159607
'2023-03-27T18:06' - Scraper - DEBUG - Waiting 10 seconds...
'2023-03-27T18:07' - Scraper - DEBUG - scraped 2500 apps. Progress: 105000/159607
'2023-03-27T18:07' - Scraper - DEBUG - Waiting 10 seconds...
'2023-03-27T18:07' - Scraper - DEBUG - scraped 2500 apps. Progress: 107500/159607
'2023-03-27T18:07' - Scraper - DEBUG - Waiting 10 seconds...
'2023-03-27T18:07' - Scraper - DEBUG - scraped 2500 apps. Progress: 110000/159607
'2023-03-27T18:07' - Scraper - DEBUG - Waiting 10 seconds...
'2023-03-27T18:08' - Scraper - DEBUG - scraped 2500 apps. Progress: 112500/159607
'2023-03-27T18:08' - Scraper - DEBUG - Waiting 10 seconds...
'2023-03-27T18:08' - Scraper - DEBUG - scraped 2500 apps. Progress: 115000/159607
'2023-03-27T18:08' - Scraper - DEBUG - Waiting 10 seconds...
'2023-03-27T18:08' - Scraper - DEBUG - scraped 2500 apps. Progress: 117500/159607
'2023-03-27T18:08' - Scraper - DEBUG - Waiting 10 seconds...
'2023-03-27T18:09' - Scraper - DEBUG - scraped 2500 apps. Progress: 120000/159607
'2023-03-27T18:09' - Scraper - DEBUG - Waiting 10 seconds...
'2023-03-27T18:09' - Scraper - DEBUG - scraped 2500 apps. Progress: 122500/159607
'2023-03-27T18:09' - Scraper - DEBUG - Waiting 10 seconds...
'2023-03-27T18:09' - Scraper - DEBUG - scraped 2500 apps. Progress: 125000/159607
'2023-03-27T18:09' - Scraper - DEBUG - Waiting 10 seconds...
'2023-03-27T18:10' - Scraper - DEBUG - scraped 2500 apps. Progress: 127500/159607
'2023-03-27T18:10' - Scraper - DEBUG - Waiting 10 seconds...
'2023-03-27T18:10' - Scraper - DEBUG - scraped 2500 apps. Progress: 130000/159607
'2023-03-27T18:10' - Scraper - DEBUG - Waiting 10 seconds...
'2023-03-27T18:10' - Scraper - DEBUG - scraped 2500 apps. Progress: 132500/159607
'2023-03-27T18:10' - Scraper - DEBUG - Waiting 10 seconds...
'2023-03-27T18:11' - Scraper - DEBUG - scraped 2500 apps. Progress: 135000/159607
'2023-03-27T18:11' - Scraper - DEBUG - Waiting 10 seconds...
'2023-03-27T18:11' - Scraper - DEBUG - scraped 2500 apps. Progress: 137500/159607
'2023-03-27T18:11' - Scraper - DEBUG - Waiting 10 seconds...
'2023-03-27T18:11' - Scraper - DEBUG - scraped 2500 apps. Progress: 140000/159607
'2023-03-27T18:11' - Scraper - DEBUG - Waiting 10 seconds...
'2023-03-27T18:11' - Scraper - DEBUG - scraped 2500 apps. Progress: 142500/159607
'2023-03-27T18:11' - Scraper - DEBUG - Waiting 10 seconds...
'2023-03-27T18:12' - Scraper - DEBUG - scraped 2500 apps. Progress: 145000/159607
'2023-03-27T18:12' - Scraper - DEBUG - Waiting 10 seconds...
'2023-03-27T18:12' - Scraper - DEBUG - scraped 2500 apps. Progress: 147500/159607
'2023-03-27T18:12' - Scraper - DEBUG - Waiting 10 seconds...
'2023-03-27T18:12' - Scraper - DEBUG - scraped 2500 apps. Progress: 150000/159607
'2023-03-27T18:12' - Scraper - DEBUG - Waiting 10 seconds...
'2023-03-27T18:13' - Scraper - DEBUG - scraped 2500 apps. Progress: 152500/159607
'2023-03-27T18:13' - Scraper - DEBUG - Waiting 10 seconds...
'2023-03-27T18:13' - Scraper - DEBUG - scraped 2500 apps. Progress: 155000/159607
'2023-03-27T18:13' - Scraper - DEBUG - Waiting 10 seconds...
'2023-03-27T18:13' - Scraper - DEBUG - scraped 2500 apps. Progress: 157500/159607
'2023-03-27T18:13' - Scraper - DEBUG - Waiting 10 seconds...
'2023-03-27T18:14' - Scraper - DEBUG - scraped 2107 apps. Progress: 159607/159607
'2023-03-27T18:14' - Scraper - INFO - All app details scraped successfully!
'2023-03-27T18:16' - Scraper - INFO - App details successfully uploaded to S3 bucket: nacho215-steam-de-project
'2023-03-27T18:16' - Scraper - INFO - Total scraping and storing app list process time: 23.35s
'2023-03-27T18:16' - Scraper - INFO - Total scraping and storing app details process time: 1355.81s
'2023-03-27T18:16' - Scraper - INFO - Total scraping and storing process time: 1379.16s
'2023-03-27T18:26' - ETL - INFO - Raw app data retrieved successfully from S3 bucket: nacho215-steam-de-project into datasets/raw/steam_app_data.csv.
'2023-03-27T18:27' - ETL - INFO - clean/apps.csv successfully uploaded to S3 bucket: nacho215-steam-de-project
'2023-03-27T18:27' - ETL - INFO - clean/apps_genres.csv successfully uploaded to S3 bucket: nacho215-steam-de-project
'2023-03-27T18:28' - ETL - INFO - clean/apps_languages.csv successfully uploaded to S3 bucket: nacho215-steam-de-project
'2023-03-27T18:28' - ETL - INFO - clean/apps_tags.csv successfully uploaded to S3 bucket: nacho215-steam-de-project
'2023-03-27T18:28' - ETL - INFO - clean/genres.csv successfully uploaded to S3 bucket: nacho215-steam-de-project
'2023-03-27T18:28' - ETL - INFO - clean/languages.csv successfully uploaded to S3 bucket: nacho215-steam-de-project
'2023-03-27T18:28' - ETL - INFO - clean/tags.csv successfully uploaded to S3 bucket: nacho215-steam-de-project
'2023-03-27T18:28' - ETL - INFO - Transformed data successfully uploaded to S3 bucket: nacho215-steam-de-project
'2023-03-27T18:28' - DB - INFO - Truncated Tables successfully: 'TRUNCATE TABLE apps, apps_genres, genres, apps_languages, languages, apps_tags, tags'
'2023-03-27T18:28' - ETL - INFO - Starting update tables process...
'2023-03-27T18:30' - DB - INFO - Table "apps" updated successfully on database.
'2023-03-27T18:31' - DB - INFO - Table "apps_genres" updated successfully on database.
'2023-03-27T18:33' - DB - INFO - Table "apps_languages" updated successfully on database.
'2023-03-27T18:37' - DB - INFO - Table "apps_tags" updated successfully on database.
'2023-03-27T18:37' - DB - INFO - Table "genres" updated successfully on database.
'2023-03-27T18:37' - DB - INFO - Table "languages" updated successfully on database.
'2023-03-27T18:37' - DB - INFO - Table "tags" updated successfully on database.
'2023-03-27T18:37' - DB - INFO - All tables updated successfully on database!
'2023-03-28T10:56' - ETL - INFO - Raw app data retrieved successfully from S3 bucket: nacho215-steam-de-project into datasets/raw/steam_app_data.csv.
'2023-03-28T11:01' - ETL - INFO - Raw app data retrieved successfully from S3 bucket: nacho215-steam-de-project into datasets/raw/steam_app_data.csv.
'2023-03-28T11:10' - ETL - INFO - Raw app data retrieved successfully from S3 bucket: nacho215-steam-de-project into datasets/raw/steam_app_data.csv.
'2023-03-28T11:11' - ETL - INFO - clean/apps.csv successfully uploaded to S3 bucket: nacho215-steam-de-project
'2023-03-28T11:11' - ETL - INFO - clean/apps_genres.csv successfully uploaded to S3 bucket: nacho215-steam-de-project
'2023-03-28T11:11' - ETL - INFO - clean/apps_languages.csv successfully uploaded to S3 bucket: nacho215-steam-de-project
'2023-03-28T11:13' - ETL - INFO - clean/apps_tags.csv successfully uploaded to S3 bucket: nacho215-steam-de-project
'2023-03-28T11:13' - ETL - INFO - clean/genres.csv successfully uploaded to S3 bucket: nacho215-steam-de-project
'2023-03-28T11:13' - ETL - INFO - clean/languages.csv successfully uploaded to S3 bucket: nacho215-steam-de-project
'2023-03-28T11:13' - ETL - INFO - clean/tags.csv successfully uploaded to S3 bucket: nacho215-steam-de-project
'2023-03-28T11:13' - ETL - INFO - Transformed data successfully uploaded to S3 bucket: nacho215-steam-de-project
'2023-03-28T11:13' - DB - INFO - Truncated Tables successfully: 'TRUNCATE TABLE apps, apps_genres, genres, apps_languages, languages, apps_tags, tags'
'2023-03-28T11:13' - ETL - INFO - Starting update tables process...
'2023-03-28T11:14' - DB - INFO - Table "apps" updated successfully on database.
'2023-03-28T11:15' - DB - INFO - Table "apps_genres" updated successfully on database.
'2023-03-28T11:17' - DB - INFO - Table "apps_languages" updated successfully on database.
'2023-03-28T11:21' - DB - INFO - Table "apps_tags" updated successfully on database.
'2023-03-28T11:21' - DB - INFO - Table "genres" updated successfully on database.
'2023-03-28T11:21' - DB - INFO - Table "languages" updated successfully on database.
'2023-03-28T11:21' - DB - INFO - Table "tags" updated successfully on database.
'2023-03-28T11:21' - DB - INFO - All tables updated successfully on database!
'2023-03-28T11:58' - ETL - INFO - Raw app data retrieved successfully from S3 bucket: nacho215-steam-de-project into datasets/raw/steam_app_data.csv.
'2023-03-28T12:02' - ETL - INFO - Raw app data retrieved successfully from S3 bucket: nacho215-steam-de-project into datasets/raw/steam_app_data.csv.
'2023-03-28T12:09' - ETL - INFO - clean/apps.csv successfully uploaded to S3 bucket: nacho215-steam-de-project
'2023-03-28T12:09' - ETL - INFO - clean/apps_genres.csv successfully uploaded to S3 bucket: nacho215-steam-de-project
'2023-03-28T12:09' - ETL - INFO - clean/apps_languages.csv successfully uploaded to S3 bucket: nacho215-steam-de-project
'2023-03-28T12:10' - ETL - INFO - clean/apps_tags.csv successfully uploaded to S3 bucket: nacho215-steam-de-project
'2023-03-28T12:10' - ETL - INFO - clean/genres.csv successfully uploaded to S3 bucket: nacho215-steam-de-project
'2023-03-28T12:10' - ETL - INFO - clean/languages.csv successfully uploaded to S3 bucket: nacho215-steam-de-project
'2023-03-28T12:10' - ETL - INFO - clean/tags.csv successfully uploaded to S3 bucket: nacho215-steam-de-project
'2023-03-28T12:10' - ETL - INFO - Transformed data successfully uploaded to S3 bucket: nacho215-steam-de-project
'2023-03-28T12:10' - DB - INFO - Truncated Tables successfully: 'TRUNCATE TABLE apps, apps_genres, genres, apps_languages, languages, apps_tags, tags'
'2023-03-28T12:10' - ETL - INFO - Starting update tables process...
'2023-03-28T12:12' - DB - INFO - Table "apps" updated successfully on database.
'2023-03-28T12:13' - DB - INFO - Table "apps_genres" updated successfully on database.
'2023-03-28T12:15' - DB - INFO - Table "apps_languages" updated successfully on database.
'2023-03-28T12:19' - DB - INFO - Table "apps_tags" updated successfully on database.
'2023-03-28T12:19' - DB - INFO - Table "genres" updated successfully on database.
'2023-03-28T12:19' - DB - INFO - Table "languages" updated successfully on database.
'2023-03-28T12:19' - DB - INFO - Table "tags" updated successfully on database.
'2023-03-28T12:19' - DB - INFO - All tables updated successfully on database!
